{
    "type": "bundle",
    "id": "bundle--abe952aa-b943-4a9d-98d4-c6c073b4e8dc",
    "objects": [
        {
            "type": "identity",
            "id": "identity--f165428c-7b6a-4d77-89cc-33e66a10c541",
            "name": "QRadar",
            "identity_class": "events"
        },
        {
            "id": "observed-data--439c662d-5ddd-453f-afe4-1d00faf87531",
            "type": "observed-data",
            "created_by_ref": "identity--f165428c-7b6a-4d77-89cc-33e66a10c541",
            "created": "2019-10-16T17:19:31.981Z",
            "modified": "2019-10-16T17:19:31.981Z",
            "objects": {
                "0": {
                    "type": "ipv4-addr",
                    "value": "192.168.0.90",
                    "resolves_to_refs": "2"
                },
                "1": {
                    "type": "network-traffic",
                    "src_ref": "0",
                    "src_port": 0,
                    "dst_ref": "3",
                    "dst_port": 0,
                    "protocols": [
                        "reserved"
                    ]
                },
                "2": {
                    "type": "mac-addr",
                    "value": "00:00:00:00:00:00"
                },
                "3": {
                    "type": "ipv4-addr",
                    "value": "192.168.0.90",
                    "resolves_to_refs": "4"
                },
                "4": {
                    "type": "mac-addr",
                    "value": "00:00:00:00:00:00"
                },
                "5": {
                    "type": "user-account",
                    "user_id": "WinServer\\admin"
                },
                "6": {
                    "type": "artifact",
                    "payload_bin": "PDE4Mj5PY3QgMTQgMTk6NTc6NTkgMTkyLjE2OC4wLjkwIDwxMz5PY3QgMDMgMTQ6NTM6MzUgV2lu\nU2VydmVyIEFnZW50RGV2aWNlPVdpbmRvd3NMb2cJQWdlbnRMb2dGaWxlPU1pY3Jvc29mdC1XaW5k\nb3dzLVN5c21vbi9PcGVyYXRpb25hbAlQbHVnaW5WZXJzaW9uPTcuMi44LjE0NQlTb3VyY2U9TWlj\ncm9zb2Z0LVdpbmRvd3MtU3lzbW9uCUNvbXB1dGVyPVdpblNlcnZlcglPcmlnaW5hdGluZ0NvbXB1\ndGVyPVdpblNlcnZlcglVc2VyPVNZU1RFTQlEb21haW49TlQgQVVUSE9SSVRZCUV2ZW50SUQ9MQlF\ndmVudElEQ29kZT0xCUV2ZW50VHlwZT00CUV2ZW50Q2F0ZWdvcnk9MQlSZWNvcmROdW1iZXI9OTQy\nMTQJVGltZUdlbmVyYXRlZD0xNTcwMTEwODEzCVRpbWVXcml0dGVuPTE1NzAxMTA4MTMJTGV2ZWw9\nSW5mb3JtYXRpb25hbAlLZXl3b3Jkcz0weDgwMDAwMDAwMDAwMDAwMDAJVGFzaz1TeXNtb25UYXNr\nLVNZU01PTl9DUkVBVEVfUFJPQ0VTUwlPcGNvZGU9SW5mbwlNZXNzYWdlPVByb2Nlc3MgQ3JlYXRl\nOiBSdWxlTmFtZTogIFV0Y1RpbWU6IDIwMTktMTAtMDMgMTM6NTM6MzMuNTM4IFByb2Nlc3NHdWlk\nOiB7MUMyRDNGNTQtRkQ1RC01RDk1LTAwMDAtMDAxMEEwMkUwQzAwfSBQcm9jZXNzSWQ6IDc1NyBJ\nbWFnZTogQzpcUHJvZ3JhbSBGaWxlc1xBdGxhc3NpYW5cQ29uZmx1ZW5jZVxjNjQuZXhlIENvbW1h\nbmRMaW5lOiBjNjQuZXhlIGY2NC5kYXRhICI5ODM5RDdGMUEwIC1tIiBDdXJyZW50RGlyZWN0b3J5\nOiBDOlxXaW5kb3dzXCBVc2VyOiBXaW5TZXJ2ZXJcYWRtaW4gTG9nb25HdWlkOiB7MUMyRDNGNTQt\nRjczNS01RDk1LTAwMDAtMDAyMDk0NkQwNDAwfSBMb2dvbklkOiAweDQ2ZDk0IFRlcm1pbmFsU2Vz\nc2lvbklkOiAxIEludGVncml0eUxldmVsOiBIaWdoIEhhc2hlczogU0hBMT01YmY2Yzk4YTUyZTgw\nODI0ZDFhMjM0YmQ1ZTY3M2VkYjc1YzdkZGE5LE1ENT04NDZjZGI5MjE4NDFhYzY3MWM4NjM1MGQ0\nOTRhYmY5YyxTSEEyNTY9ZGM1MmJkZjVlM2Y3MWZiOWFiM2IxNzMwZDQ0NTI4N2QxNmQzYTNjOA=="
                },
                "7": {
                    "type": "file",
                    "hashes": {
                        "SHA-1": "5bf6c98a52e80824d1a234bd5e673edb75c7dda9",
                        "MD5": "846cdb921841ac671c86350d494abf9c",
                        "SHA-256": "dc52bdf5e3f71fb9ab3b1730d445287d16d3a3c8"
                    },
                    "name": "c64.exe",
                    "parent_directory_ref": "9"
                },
                "8": {
                    "type": "process",
                    "name": "c64.exe",
                    "binary_ref": "7",
                    "command_line": "c64.exe f64.data \"9839D7F1A0 -m\"",
                    "pid": 757
                },
                "9": {
                    "type": "directory",
                    "path": "C:\\Program Files\\Atlassian\\Confluence\\c64.exe"
                }
            },
            "x_com_ibm_ariel": {
                "devicetype": 12,
                "qid_name": "Process Create",
                "qid": 5001828,
                "category_name": "Create Activity Succeeded    ",
                "category_id": 19012,
                "log_source_id": 1912,
                "log_source_name": "Sysmon @ 192.168.0.90",
                "identity_ip": "0.0.0.0",
                "utf8_payload": "<182>Oct 14 19:57:59 192.168.0.90 <13>Oct 03 14:53:35 WinServer AgentDevice=WindowsLog\tAgentLogFile=Microsoft-Windows-Sysmon/Operational\tPluginVersion=7.2.8.145\tSource=Microsoft-Windows-Sysmon\tComputer=WinServer\tOriginatingComputer=WinServer\tUser=SYSTEM\tDomain=NT AUTHORITY\tEventID=1\tEventIDCode=1\tEventType=4\tEventCategory=1\tRecordNumber=94214\tTimeGenerated=1570110813\tTimeWritten=1570110813\tLevel=Informational\tKeywords=0x8000000000000000\tTask=SysmonTask-SYSMON_CREATE_PROCESS\tOpcode=Info\tMessage=Process Create: RuleName:  UtcTime: 2019-10-03 13:53:33.538 ProcessGuid: {1C2D3F54-FD5D-5D95-0000-0010A02E0C00} ProcessId: 757 Image: C:\\Program Files\\Atlassian\\Confluence\\c64.exe CommandLine: c64.exe f64.data \"9839D7F1A0 -m\" CurrentDirectory: C:\\Windows\\ User: WinServer\\admin LogonGuid: {1C2D3F54-F735-5D95-0000-0020946D0400} LogonId: 0x46d94 TerminalSessionId: 1 IntegrityLevel: High Hashes: SHA1=5bf6c98a52e80824d1a234bd5e673edb75c7dda9,MD5=846cdb921841ac671c86350d494abf9c,SHA256=dc52bdf5e3f71fb9ab3b1730d445287d16d3a3c8",
                "magnitude": 2
            },
            "first_observed": "2019-10-14T23:58:00.151Z",
            "last_observed": "2019-10-14T23:58:00.151Z",
            "number_observed": 1
        },
        {
            "id": "observed-data--ccefc459-9b51-4358-9704-614e0a99dea9",
            "type": "observed-data",
            "created_by_ref": "identity--f165428c-7b6a-4d77-89cc-33e66a10c541",
            "created": "2019-10-16T17:19:31.985Z",
            "modified": "2019-10-16T17:19:31.986Z",
            "objects": {
                "0": {
                    "type": "ipv4-addr",
                    "value": "192.168.0.8",
                    "resolves_to_refs": "2"
                },
                "1": {
                    "type": "network-traffic",
                    "src_ref": "0",
                    "src_port": 54792,
                    "dst_ref": "3",
                    "dst_port": 443,
                    "protocols": [
                        "reserved"
                    ]
                },
                "2": {
                    "type": "mac-addr",
                    "value": "00:00:00:00:00:00"
                },
                "3": {
                    "type": "ipv4-addr",
                    "value": "67.229.97.229",
                    "resolves_to_refs": "4"
                },
                "4": {
                    "type": "mac-addr",
                    "value": "00:00:00:00:00:00"
                },
                "5": {
                    "type": "user-account",
                    "user_id": "WinServer\\admin"
                },
                "6": {
                    "type": "artifact",
                    "payload_bin": "PDE4Mj5PY3QgMTQgMTk6NTc6NTkgMTkyLjE2OC4wLjkwIDwxMz5PY3QgMDEgMTk6Mjk6MTUgV2lu\nU2VydmVyIEFnZW50RGV2aWNlPVdpbmRvd3NMb2cJQWdlbnRMb2dGaWxlPU1pY3Jvc29mdC1XaW5k\nb3dzLVN5c21vbi9PcGVyYXRpb25hbAlQbHVnaW5WZXJzaW9uPTcuMi44LjE0NQlTb3VyY2U9TWlj\ncm9zb2Z0LVdpbmRvd3MtU3lzbW9uCUNvbXB1dGVyPURFU0tUT1AtSlVCNVAzRglPcmlnaW5hdGlu\nZ0NvbXB1dGVyPURFU0tUT1AtSlVCNVAzRglVc2VyPVNZU1RFTQlEb21haW49TlQgQVVUSE9SSVRZ\nCUV2ZW50SUQ9MwlFdmVudElEQ29kZT0zCUV2ZW50VHlwZT00CUV2ZW50Q2F0ZWdvcnk9MwlSZWNv\ncmROdW1iZXI9NjYwODY3MTEJVGltZUdlbmVyYXRlZD0xNTY5OTU0NTU1CVRpbWVXcml0dGVuPTE1\nNjk5NTQ1NTUJTGV2ZWw9SW5mb3JtYXRpb25hbAlLZXl3b3Jkcz0weDgwMDAwMDAwMDAwMDAwMDAJ\nVGFzaz1TeXNtb25UYXNrLVNZU01PTl9ORVRXT1JLX0NPTk5FQ1QJT3Bjb2RlPUluZm8JTWVzc2Fn\nZT1OZXR3b3JrIGNvbm5lY3Rpb24gZGV0ZWN0ZWQ6IFJ1bGVOYW1lOiBVc2VybW9kZSBVdGNUaW1l\nOiAyMDE5LTEwLTAxIDE4OjI5OjE2LjY4OCBQcm9jZXNzR3VpZDogezBhNDZmYzJmLTlhZjMtNWQ5\nMy0wMDAwLTAwMTAyODM4NjQwN30gUHJvY2Vzc0lkOiA3NTcgSW1hZ2U6IEM6XFByb2dyYW0gRmls\nZXNcQXRsYXNzaWFuXENvbmZsdWVuY2VcYzY0LmV4ZSBVc2VyOiBXaW5TZXJ2ZXJcYWRtaW4gUHJv\ndG9jb2w6IHRjcCBJbml0aWF0ZWQ6IHRydWUgU291cmNlSXNJcHY2OiBmYWxzZSBTb3VyY2VJcDog\nMTkyLjE2OC4wLjggU291cmNlSG9zdG5hbWU6IHdpbnNlcnZlciBTb3VyY2VQb3J0OiA1NDc5MiBT\nb3VyY2VQb3J0TmFtZTogIERlc3RpbmF0aW9uSXNJcHY2OiBmYWxzZSBEZXN0aW5hdGlvbklwOiA2\nNy4yMjkuOTcuMjI5IERlc3RpbmF0aW9uSG9zdG5hbWU6ICBEZXN0aW5hdGlvblBvcnQ6IDQ0MyBE\nZXN0aW5hdGlvblBvcnROYW1lOiBodHRwcw0K"
                },
                "7": {
                    "type": "process",
                    "name": "c64.exe",
                    "binary_ref": "8",
                    "pid": 757
                },
                "8": {
                    "type": "file",
                    "name": "c64.exe",
                    "parent_directory_ref": "9"
                },
                "9": {
                    "type": "directory",
                    "path": "C:\\Program Files\\Atlassian\\Confluence\\c64.exe"
                }
            },
            "x_com_ibm_ariel": {
                "devicetype": 12,
                "qid_name": "Network connection detected",
                "qid": 5001840,
                "category_name": "ACL Permit",
                "category_id": 4012,
                "log_source_id": 1912,
                "log_source_name": "Sysmon @ 192.168.0.90",
                "identity_ip": "0.0.0.0",
                "utf8_payload": "<182>Oct 14 19:57:59 192.168.0.90 <13>Oct 01 19:29:15 WinServer AgentDevice=WindowsLog\tAgentLogFile=Microsoft-Windows-Sysmon/Operational\tPluginVersion=7.2.8.145\tSource=Microsoft-Windows-Sysmon\tComputer=DESKTOP-JUB5P3F\tOriginatingComputer=DESKTOP-JUB5P3F\tUser=SYSTEM\tDomain=NT AUTHORITY\tEventID=3\tEventIDCode=3\tEventType=4\tEventCategory=3\tRecordNumber=66086711\tTimeGenerated=1569954555\tTimeWritten=1569954555\tLevel=Informational\tKeywords=0x8000000000000000\tTask=SysmonTask-SYSMON_NETWORK_CONNECT\tOpcode=Info\tMessage=Network connection detected: RuleName: Usermode UtcTime: 2019-10-01 18:29:16.688 ProcessGuid: {0a46fc2f-9af3-5d93-0000-001028386407} ProcessId: 757 Image: C:\\Program Files\\Atlassian\\Confluence\\c64.exe User: WinServer\\admin Protocol: tcp Initiated: true SourceIsIpv6: false SourceIp: 192.168.0.8 SourceHostname: winserver SourcePort: 54792 SourcePortName:  DestinationIsIpv6: false DestinationIp: 67.229.97.229 DestinationHostname:  DestinationPort: 443 DestinationPortName: https\r\n",
                "magnitude": 3
            },
            "first_observed": "2019-10-14T23:58:00.151Z",
            "last_observed": "2019-10-14T23:58:00.151Z",
            "number_observed": 1
        },
        {
            "id": "observed-data--e03a0b0d-8388-4cbb-973d-42a88ed8bd6c",
            "type": "observed-data",
            "created_by_ref": "identity--f165428c-7b6a-4d77-89cc-33e66a10c541",
            "created": "2019-10-16T17:19:31.987Z",
            "modified": "2019-10-16T17:19:31.987Z",
            "objects": {
                "0": {
                    "type": "ipv4-addr",
                    "value": "192.168.0.90",
                    "resolves_to_refs": "2"
                },
                "1": {
                    "type": "network-traffic",
                    "src_ref": "0",
                    "src_port": 0,
                    "dst_ref": "3",
                    "dst_port": 0,
                    "protocols": [
                        "reserved"
                    ]
                },
                "2": {
                    "type": "mac-addr",
                    "value": "00:00:00:00:00:00"
                },
                "3": {
                    "type": "ipv4-addr",
                    "value": "192.168.0.90",
                    "resolves_to_refs": "4"
                },
                "4": {
                    "type": "mac-addr",
                    "value": "00:00:00:00:00:00"
                },
                "5": {
                    "type": "user-account",
                    "user_id": "WinServer\\admin"
                },
                "6": {
                    "type": "artifact",
                    "payload_bin": "PDE4Mj5PY3QgMTQgMTk6NTg6MDAgMTkyLjE2OC4wLjkwIDwxMz5PY3QgMDMgMTQ6NTM6MzUgV2lu\nU2VydmVyIEFnZW50RGV2aWNlPVdpbmRvd3NMb2cJQWdlbnRMb2dGaWxlPU1pY3Jvc29mdC1XaW5k\nb3dzLVN5c21vbi9PcGVyYXRpb25hbAlQbHVnaW5WZXJzaW9uPTcuMi44LjE0NQlTb3VyY2U9TWlj\ncm9zb2Z0LVdpbmRvd3MtU3lzbW9uCUNvbXB1dGVyPVdpblNlcnZlcglPcmlnaW5hdGluZ0NvbXB1\ndGVyPVdpblNlcnZlcglVc2VyPVNZU1RFTQlEb21haW49TlQgQVVUSE9SSVRZCUV2ZW50SUQ9MQlF\ndmVudElEQ29kZT0xCUV2ZW50VHlwZT00CUV2ZW50Q2F0ZWdvcnk9MQlSZWNvcmROdW1iZXI9OTQy\nMTQJVGltZUdlbmVyYXRlZD0xNTcwMTEwODEzCVRpbWVXcml0dGVuPTE1NzAxMTA4MTMJTGV2ZWw9\nSW5mb3JtYXRpb25hbAlLZXl3b3Jkcz0weDgwMDAwMDAwMDAwMDAwMDAJVGFzaz1TeXNtb25UYXNr\nLVNZU01PTl9DUkVBVEVfUFJPQ0VTUwlPcGNvZGU9SW5mbwlNZXNzYWdlPVByb2Nlc3MgQ3JlYXRl\nOiBSdWxlTmFtZTogIFV0Y1RpbWU6IDIwMTktMTAtMDMgMTM6NTM6MzMuNTM4IFByb2Nlc3NHdWlk\nOiB7MUMyRDNGNTQtRkQ1RC01RDk1LTAwMDAtMDAxMEEwMkUwQzAwfSBQcm9jZXNzSWQ6IDc1NyBJ\nbWFnZTogQzpcUHJvZ3JhbSBGaWxlc1xBdGxhc3NpYW5cQ29uZmx1ZW5jZVxjNjQuZXhlIENvbW1h\nbmRMaW5lOiBjNjQuZXhlIGY2NC5kYXRhICI5ODM5RDdGMUEwIC1tIiBDdXJyZW50RGlyZWN0b3J5\nOiBDOlxXaW5kb3dzXCBVc2VyOiBXaW5TZXJ2ZXJcYWRtaW4gTG9nb25HdWlkOiB7MUMyRDNGNTQt\nRjczNS01RDk1LTAwMDAtMDAyMDk0NkQwNDAwfSBMb2dvbklkOiAweDQ2ZDk0IFRlcm1pbmFsU2Vz\nc2lvbklkOiAxIEludGVncml0eUxldmVsOiBIaWdoIEhhc2hlczogU0hBMT01YmY2Yzk4YTUyZTgw\nODI0ZDFhMjM0YmQ1ZTY3M2VkYjc1YzdkZGE5LE1ENT04NDZjZGI5MjE4NDFhYzY3MWM4NjM1MGQ0\nOTRhYmY5YyxTSEEyNTY9ZGM1MmJkZjVlM2Y3MWZiOWFiM2IxNzMwZDQ0NTI4N2QxNmQzYTNjOA=="
                },
                "7": {
                    "type": "file",
                    "hashes": {
                        "SHA-1": "5bf6c98a52e80824d1a234bd5e673edb75c7dda9",
                        "MD5": "846cdb921841ac671c86350d494abf9c",
                        "SHA-256": "dc52bdf5e3f71fb9ab3b1730d445287d16d3a3c8"
                    },
                    "name": "c64.exe",
                    "parent_directory_ref": "9"
                },
                "8": {
                    "type": "process",
                    "name": "c64.exe",
                    "binary_ref": "7",
                    "command_line": "c64.exe f64.data \"9839D7F1A0 -m\"",
                    "pid": 757
                },
                "9": {
                    "type": "directory",
                    "path": "C:\\Program Files\\Atlassian\\Confluence\\c64.exe"
                }
            },
            "x_com_ibm_ariel": {
                "devicetype": 12,
                "qid_name": "Process Create",
                "qid": 5001828,
                "category_name": "Create Activity Succeeded    ",
                "category_id": 19012,
                "log_source_id": 1912,
                "log_source_name": "Sysmon @ 192.168.0.90",
                "identity_ip": "0.0.0.0",
                "utf8_payload": "<182>Oct 14 19:58:00 192.168.0.90 <13>Oct 03 14:53:35 WinServer AgentDevice=WindowsLog\tAgentLogFile=Microsoft-Windows-Sysmon/Operational\tPluginVersion=7.2.8.145\tSource=Microsoft-Windows-Sysmon\tComputer=WinServer\tOriginatingComputer=WinServer\tUser=SYSTEM\tDomain=NT AUTHORITY\tEventID=1\tEventIDCode=1\tEventType=4\tEventCategory=1\tRecordNumber=94214\tTimeGenerated=1570110813\tTimeWritten=1570110813\tLevel=Informational\tKeywords=0x8000000000000000\tTask=SysmonTask-SYSMON_CREATE_PROCESS\tOpcode=Info\tMessage=Process Create: RuleName:  UtcTime: 2019-10-03 13:53:33.538 ProcessGuid: {1C2D3F54-FD5D-5D95-0000-0010A02E0C00} ProcessId: 757 Image: C:\\Program Files\\Atlassian\\Confluence\\c64.exe CommandLine: c64.exe f64.data \"9839D7F1A0 -m\" CurrentDirectory: C:\\Windows\\ User: WinServer\\admin LogonGuid: {1C2D3F54-F735-5D95-0000-0020946D0400} LogonId: 0x46d94 TerminalSessionId: 1 IntegrityLevel: High Hashes: SHA1=5bf6c98a52e80824d1a234bd5e673edb75c7dda9,MD5=846cdb921841ac671c86350d494abf9c,SHA256=dc52bdf5e3f71fb9ab3b1730d445287d16d3a3c8",
                "magnitude": 2
            },
            "first_observed": "2019-10-14T23:58:00.151Z",
            "last_observed": "2019-10-14T23:58:00.151Z",
            "number_observed": 1
        },
        {
            "id": "observed-data--6dfcda07-f325-45e7-a078-7a2ccca8c4b9",
            "type": "observed-data",
            "created_by_ref": "identity--f165428c-7b6a-4d77-89cc-33e66a10c541",
            "created": "2019-10-16T17:19:31.988Z",
            "modified": "2019-10-16T17:19:31.988Z",
            "objects": {
                "0": {
                    "type": "ipv4-addr",
                    "value": "192.168.0.8",
                    "resolves_to_refs": "2"
                },
                "1": {
                    "type": "network-traffic",
                    "src_ref": "0",
                    "src_port": 54792,
                    "dst_ref": "3",
                    "dst_port": 443,
                    "protocols": [
                        "reserved"
                    ]
                },
                "2": {
                    "type": "mac-addr",
                    "value": "00:00:00:00:00:00"
                },
                "3": {
                    "type": "ipv4-addr",
                    "value": "67.229.97.229",
                    "resolves_to_refs": "4"
                },
                "4": {
                    "type": "mac-addr",
                    "value": "00:00:00:00:00:00"
                },
                "5": {
                    "type": "user-account",
                    "user_id": "WinServer\\admin"
                },
                "6": {
                    "type": "artifact",
                    "payload_bin": "PDE4Mj5PY3QgMTQgMTk6NTg6MDAgMTkyLjE2OC4wLjkwIDwxMz5PY3QgMDEgMTk6Mjk6MTUgV2lu\nU2VydmVyIEFnZW50RGV2aWNlPVdpbmRvd3NMb2cJQWdlbnRMb2dGaWxlPU1pY3Jvc29mdC1XaW5k\nb3dzLVN5c21vbi9PcGVyYXRpb25hbAlQbHVnaW5WZXJzaW9uPTcuMi44LjE0NQlTb3VyY2U9TWlj\ncm9zb2Z0LVdpbmRvd3MtU3lzbW9uCUNvbXB1dGVyPURFU0tUT1AtSlVCNVAzRglPcmlnaW5hdGlu\nZ0NvbXB1dGVyPURFU0tUT1AtSlVCNVAzRglVc2VyPVNZU1RFTQlEb21haW49TlQgQVVUSE9SSVRZ\nCUV2ZW50SUQ9MwlFdmVudElEQ29kZT0zCUV2ZW50VHlwZT00CUV2ZW50Q2F0ZWdvcnk9MwlSZWNv\ncmROdW1iZXI9NjYwODY3MTEJVGltZUdlbmVyYXRlZD0xNTY5OTU0NTU1CVRpbWVXcml0dGVuPTE1\nNjk5NTQ1NTUJTGV2ZWw9SW5mb3JtYXRpb25hbAlLZXl3b3Jkcz0weDgwMDAwMDAwMDAwMDAwMDAJ\nVGFzaz1TeXNtb25UYXNrLVNZU01PTl9ORVRXT1JLX0NPTk5FQ1QJT3Bjb2RlPUluZm8JTWVzc2Fn\nZT1OZXR3b3JrIGNvbm5lY3Rpb24gZGV0ZWN0ZWQ6IFJ1bGVOYW1lOiBVc2VybW9kZSBVdGNUaW1l\nOiAyMDE5LTEwLTAxIDE4OjI5OjE2LjY4OCBQcm9jZXNzR3VpZDogezBhNDZmYzJmLTlhZjMtNWQ5\nMy0wMDAwLTAwMTAyODM4NjQwN30gUHJvY2Vzc0lkOiA3NTcgSW1hZ2U6IEM6XFByb2dyYW0gRmls\nZXNcQXRsYXNzaWFuXENvbmZsdWVuY2VcYzY0LmV4ZSBVc2VyOiBXaW5TZXJ2ZXJcYWRtaW4gUHJv\ndG9jb2w6IHRjcCBJbml0aWF0ZWQ6IHRydWUgU291cmNlSXNJcHY2OiBmYWxzZSBTb3VyY2VJcDog\nMTkyLjE2OC4wLjggU291cmNlSG9zdG5hbWU6IHdpbnNlcnZlciBTb3VyY2VQb3J0OiA1NDc5MiBT\nb3VyY2VQb3J0TmFtZTogIERlc3RpbmF0aW9uSXNJcHY2OiBmYWxzZSBEZXN0aW5hdGlvbklwOiA2\nNy4yMjkuOTcuMjI5IERlc3RpbmF0aW9uSG9zdG5hbWU6ICBEZXN0aW5hdGlvblBvcnQ6IDQ0MyBE\nZXN0aW5hdGlvblBvcnROYW1lOiBodHRwcw0K"
                },
                "7": {
                    "type": "process",
                    "name": "c64.exe",
                    "binary_ref": "8",
                    "pid": 757
                },
                "8": {
                    "type": "file",
                    "name": "c64.exe",
                    "parent_directory_ref": "9"
                },
                "9": {
                    "type": "directory",
                    "path": "C:\\Program Files\\Atlassian\\Confluence\\c64.exe"
                }
            },
            "x_com_ibm_ariel": {
                "devicetype": 12,
                "qid_name": "Network connection detected",
                "qid": 5001840,
                "category_name": "ACL Permit",
                "category_id": 4012,
                "log_source_id": 1912,
                "log_source_name": "Sysmon @ 192.168.0.90",
                "identity_ip": "0.0.0.0",
                "utf8_payload": "<182>Oct 14 19:58:00 192.168.0.90 <13>Oct 01 19:29:15 WinServer AgentDevice=WindowsLog\tAgentLogFile=Microsoft-Windows-Sysmon/Operational\tPluginVersion=7.2.8.145\tSource=Microsoft-Windows-Sysmon\tComputer=DESKTOP-JUB5P3F\tOriginatingComputer=DESKTOP-JUB5P3F\tUser=SYSTEM\tDomain=NT AUTHORITY\tEventID=3\tEventIDCode=3\tEventType=4\tEventCategory=3\tRecordNumber=66086711\tTimeGenerated=1569954555\tTimeWritten=1569954555\tLevel=Informational\tKeywords=0x8000000000000000\tTask=SysmonTask-SYSMON_NETWORK_CONNECT\tOpcode=Info\tMessage=Network connection detected: RuleName: Usermode UtcTime: 2019-10-01 18:29:16.688 ProcessGuid: {0a46fc2f-9af3-5d93-0000-001028386407} ProcessId: 757 Image: C:\\Program Files\\Atlassian\\Confluence\\c64.exe User: WinServer\\admin Protocol: tcp Initiated: true SourceIsIpv6: false SourceIp: 192.168.0.8 SourceHostname: winserver SourcePort: 54792 SourcePortName:  DestinationIsIpv6: false DestinationIp: 67.229.97.229 DestinationHostname:  DestinationPort: 443 DestinationPortName: https\r\n",
                "magnitude": 3
            },
            "first_observed": "2019-10-14T23:58:00.650Z",
            "last_observed": "2019-10-14T23:58:00.650Z",
            "number_observed": 1
        },
        {
            "id": "observed-data--630bf095-f8f7-4431-978e-ab0ab7d1000e",
            "type": "observed-data",
            "created_by_ref": "identity--f165428c-7b6a-4d77-89cc-33e66a10c541",
            "created": "2019-10-16T17:19:31.989Z",
            "modified": "2019-10-16T17:19:31.989Z",
            "objects": {
                "0": {
                    "type": "ipv4-addr",
                    "value": "192.168.0.90",
                    "resolves_to_refs": "2"
                },
                "1": {
                    "type": "network-traffic",
                    "src_ref": "0",
                    "src_port": 0,
                    "dst_ref": "3",
                    "dst_port": 0,
                    "protocols": [
                        "reserved"
                    ]
                },
                "2": {
                    "type": "mac-addr",
                    "value": "00:00:00:00:00:00"
                },
                "3": {
                    "type": "ipv4-addr",
                    "value": "192.168.0.90",
                    "resolves_to_refs": "4"
                },
                "4": {
                    "type": "mac-addr",
                    "value": "00:00:00:00:00:00"
                },
                "5": {
                    "type": "user-account",
                    "user_id": "WinServer\\admin"
                },
                "6": {
                    "type": "artifact",
                    "payload_bin": "PDE4Mj5PY3QgMTQgMTk6NTg6MDAgMTkyLjE2OC4wLjkwIDwxMz5PY3QgMDMgMTQ6NTM6MzUgV2lu\nU2VydmVyIEFnZW50RGV2aWNlPVdpbmRvd3NMb2cJQWdlbnRMb2dGaWxlPU1pY3Jvc29mdC1XaW5k\nb3dzLVN5c21vbi9PcGVyYXRpb25hbAlQbHVnaW5WZXJzaW9uPTcuMi44LjE0NQlTb3VyY2U9TWlj\ncm9zb2Z0LVdpbmRvd3MtU3lzbW9uCUNvbXB1dGVyPVdpblNlcnZlcglPcmlnaW5hdGluZ0NvbXB1\ndGVyPVdpblNlcnZlcglVc2VyPVNZU1RFTQlEb21haW49TlQgQVVUSE9SSVRZCUV2ZW50SUQ9MQlF\ndmVudElEQ29kZT0xCUV2ZW50VHlwZT00CUV2ZW50Q2F0ZWdvcnk9MQlSZWNvcmROdW1iZXI9OTQy\nMTQJVGltZUdlbmVyYXRlZD0xNTcwMTEwODEzCVRpbWVXcml0dGVuPTE1NzAxMTA4MTMJTGV2ZWw9\nSW5mb3JtYXRpb25hbAlLZXl3b3Jkcz0weDgwMDAwMDAwMDAwMDAwMDAJVGFzaz1TeXNtb25UYXNr\nLVNZU01PTl9DUkVBVEVfUFJPQ0VTUwlPcGNvZGU9SW5mbwlNZXNzYWdlPVByb2Nlc3MgQ3JlYXRl\nOiBSdWxlTmFtZTogIFV0Y1RpbWU6IDIwMTktMTAtMDMgMTM6NTM6MzMuNTM4IFByb2Nlc3NHdWlk\nOiB7MUMyRDNGNTQtRkQ1RC01RDk1LTAwMDAtMDAxMEEwMkUwQzAwfSBQcm9jZXNzSWQ6IDc1NyBJ\nbWFnZTogQzpcUHJvZ3JhbSBGaWxlc1xBdGxhc3NpYW5cQ29uZmx1ZW5jZVxjNjQuZXhlIENvbW1h\nbmRMaW5lOiBjNjQuZXhlIGY2NC5kYXRhICI5ODM5RDdGMUEwIC1tIiBDdXJyZW50RGlyZWN0b3J5\nOiBDOlxXaW5kb3dzXCBVc2VyOiBXaW5TZXJ2ZXJcYWRtaW4gTG9nb25HdWlkOiB7MUMyRDNGNTQt\nRjczNS01RDk1LTAwMDAtMDAyMDk0NkQwNDAwfSBMb2dvbklkOiAweDQ2ZDk0IFRlcm1pbmFsU2Vz\nc2lvbklkOiAxIEludGVncml0eUxldmVsOiBIaWdoIEhhc2hlczogU0hBMT01YmY2Yzk4YTUyZTgw\nODI0ZDFhMjM0YmQ1ZTY3M2VkYjc1YzdkZGE5LE1ENT04NDZjZGI5MjE4NDFhYzY3MWM4NjM1MGQ0\nOTRhYmY5YyxTSEEyNTY9ZGM1MmJkZjVlM2Y3MWZiOWFiM2IxNzMwZDQ0NTI4N2QxNmQzYTNjOA=="
                },
                "7": {
                    "type": "file",
                    "hashes": {
                        "SHA-1": "5bf6c98a52e80824d1a234bd5e673edb75c7dda9",
                        "MD5": "846cdb921841ac671c86350d494abf9c",
                        "SHA-256": "dc52bdf5e3f71fb9ab3b1730d445287d16d3a3c8"
                    },
                    "name": "c64.exe",
                    "parent_directory_ref": "9"
                },
                "8": {
                    "type": "process",
                    "name": "c64.exe",
                    "binary_ref": "7",
                    "command_line": "c64.exe f64.data \"9839D7F1A0 -m\"",
                    "pid": 757
                },
                "9": {
                    "type": "directory",
                    "path": "C:\\Program Files\\Atlassian\\Confluence\\c64.exe"
                }
            },
            "x_com_ibm_ariel": {
                "devicetype": 12,
                "qid_name": "Process Create",
                "qid": 5001828,
                "category_name": "Create Activity Succeeded    ",
                "category_id": 19012,
                "log_source_id": 1912,
                "log_source_name": "Sysmon @ 192.168.0.90",
                "identity_ip": "0.0.0.0",
                "utf8_payload": "<182>Oct 14 19:58:00 192.168.0.90 <13>Oct 03 14:53:35 WinServer AgentDevice=WindowsLog\tAgentLogFile=Microsoft-Windows-Sysmon/Operational\tPluginVersion=7.2.8.145\tSource=Microsoft-Windows-Sysmon\tComputer=WinServer\tOriginatingComputer=WinServer\tUser=SYSTEM\tDomain=NT AUTHORITY\tEventID=1\tEventIDCode=1\tEventType=4\tEventCategory=1\tRecordNumber=94214\tTimeGenerated=1570110813\tTimeWritten=1570110813\tLevel=Informational\tKeywords=0x8000000000000000\tTask=SysmonTask-SYSMON_CREATE_PROCESS\tOpcode=Info\tMessage=Process Create: RuleName:  UtcTime: 2019-10-03 13:53:33.538 ProcessGuid: {1C2D3F54-FD5D-5D95-0000-0010A02E0C00} ProcessId: 757 Image: C:\\Program Files\\Atlassian\\Confluence\\c64.exe CommandLine: c64.exe f64.data \"9839D7F1A0 -m\" CurrentDirectory: C:\\Windows\\ User: WinServer\\admin LogonGuid: {1C2D3F54-F735-5D95-0000-0020946D0400} LogonId: 0x46d94 TerminalSessionId: 1 IntegrityLevel: High Hashes: SHA1=5bf6c98a52e80824d1a234bd5e673edb75c7dda9,MD5=846cdb921841ac671c86350d494abf9c,SHA256=dc52bdf5e3f71fb9ab3b1730d445287d16d3a3c8",
                "magnitude": 2
            },
            "first_observed": "2019-10-14T23:58:01.652Z",
            "last_observed": "2019-10-14T23:58:01.652Z",
            "number_observed": 1
        },
        {
            "id": "observed-data--103111bd-9cf3-4e48-986b-abb177c7033b",
            "type": "observed-data",
            "created_by_ref": "identity--f165428c-7b6a-4d77-89cc-33e66a10c541",
            "created": "2019-10-16T17:19:31.990Z",
            "modified": "2019-10-16T17:19:31.990Z",
            "objects": {
                "0": {
                    "type": "ipv4-addr",
                    "value": "192.168.0.8",
                    "resolves_to_refs": "2"
                },
                "1": {
                    "type": "network-traffic",
                    "src_ref": "0",
                    "src_port": 54792,
                    "dst_ref": "3",
                    "dst_port": 443,
                    "protocols": [
                        "reserved"
                    ]
                },
                "2": {
                    "type": "mac-addr",
                    "value": "00:00:00:00:00:00"
                },
                "3": {
                    "type": "ipv4-addr",
                    "value": "67.229.97.229",
                    "resolves_to_refs": "4"
                },
                "4": {
                    "type": "mac-addr",
                    "value": "00:00:00:00:00:00"
                },
                "5": {
                    "type": "user-account",
                    "user_id": "WinServer\\admin"
                },
                "6": {
                    "type": "artifact",
                    "payload_bin": "PDE4Mj5PY3QgMTQgMTk6NTg6MDAgMTkyLjE2OC4wLjkwIDwxMz5PY3QgMDEgMTk6Mjk6MTUgV2lu\nU2VydmVyIEFnZW50RGV2aWNlPVdpbmRvd3NMb2cJQWdlbnRMb2dGaWxlPU1pY3Jvc29mdC1XaW5k\nb3dzLVN5c21vbi9PcGVyYXRpb25hbAlQbHVnaW5WZXJzaW9uPTcuMi44LjE0NQlTb3VyY2U9TWlj\ncm9zb2Z0LVdpbmRvd3MtU3lzbW9uCUNvbXB1dGVyPURFU0tUT1AtSlVCNVAzRglPcmlnaW5hdGlu\nZ0NvbXB1dGVyPURFU0tUT1AtSlVCNVAzRglVc2VyPVNZU1RFTQlEb21haW49TlQgQVVUSE9SSVRZ\nCUV2ZW50SUQ9MwlFdmVudElEQ29kZT0zCUV2ZW50VHlwZT00CUV2ZW50Q2F0ZWdvcnk9MwlSZWNv\ncmROdW1iZXI9NjYwODY3MTEJVGltZUdlbmVyYXRlZD0xNTY5OTU0NTU1CVRpbWVXcml0dGVuPTE1\nNjk5NTQ1NTUJTGV2ZWw9SW5mb3JtYXRpb25hbAlLZXl3b3Jkcz0weDgwMDAwMDAwMDAwMDAwMDAJ\nVGFzaz1TeXNtb25UYXNrLVNZU01PTl9ORVRXT1JLX0NPTk5FQ1QJT3Bjb2RlPUluZm8JTWVzc2Fn\nZT1OZXR3b3JrIGNvbm5lY3Rpb24gZGV0ZWN0ZWQ6IFJ1bGVOYW1lOiBVc2VybW9kZSBVdGNUaW1l\nOiAyMDE5LTEwLTAxIDE4OjI5OjE2LjY4OCBQcm9jZXNzR3VpZDogezBhNDZmYzJmLTlhZjMtNWQ5\nMy0wMDAwLTAwMTAyODM4NjQwN30gUHJvY2Vzc0lkOiA3NTcgSW1hZ2U6IEM6XFByb2dyYW0gRmls\nZXNcQXRsYXNzaWFuXENvbmZsdWVuY2VcYzY0LmV4ZSBVc2VyOiBXaW5TZXJ2ZXJcYWRtaW4gUHJv\ndG9jb2w6IHRjcCBJbml0aWF0ZWQ6IHRydWUgU291cmNlSXNJcHY2OiBmYWxzZSBTb3VyY2VJcDog\nMTkyLjE2OC4wLjggU291cmNlSG9zdG5hbWU6IHdpbnNlcnZlciBTb3VyY2VQb3J0OiA1NDc5MiBT\nb3VyY2VQb3J0TmFtZTogIERlc3RpbmF0aW9uSXNJcHY2OiBmYWxzZSBEZXN0aW5hdGlvbklwOiA2\nNy4yMjkuOTcuMjI5IERlc3RpbmF0aW9uSG9zdG5hbWU6ICBEZXN0aW5hdGlvblBvcnQ6IDQ0MyBE\nZXN0aW5hdGlvblBvcnROYW1lOiBodHRwcw0K"
                },
                "7": {
                    "type": "process",
                    "name": "c64.exe",
                    "binary_ref": "8",
                    "pid": 757
                },
                "8": {
                    "type": "file",
                    "name": "c64.exe",
                    "parent_directory_ref": "9"
                },
                "9": {
                    "type": "directory",
                    "path": "C:\\Program Files\\Atlassian\\Confluence\\c64.exe"
                }
            },
            "x_com_ibm_ariel": {
                "devicetype": 12,
                "qid_name": "Network connection detected",
                "qid": 5001840,
                "category_name": "ACL Permit",
                "category_id": 4012,
                "log_source_id": 1912,
                "log_source_name": "Sysmon @ 192.168.0.90",
                "identity_ip": "0.0.0.0",
                "utf8_payload": "<182>Oct 14 19:58:00 192.168.0.90 <13>Oct 01 19:29:15 WinServer AgentDevice=WindowsLog\tAgentLogFile=Microsoft-Windows-Sysmon/Operational\tPluginVersion=7.2.8.145\tSource=Microsoft-Windows-Sysmon\tComputer=DESKTOP-JUB5P3F\tOriginatingComputer=DESKTOP-JUB5P3F\tUser=SYSTEM\tDomain=NT AUTHORITY\tEventID=3\tEventIDCode=3\tEventType=4\tEventCategory=3\tRecordNumber=66086711\tTimeGenerated=1569954555\tTimeWritten=1569954555\tLevel=Informational\tKeywords=0x8000000000000000\tTask=SysmonTask-SYSMON_NETWORK_CONNECT\tOpcode=Info\tMessage=Network connection detected: RuleName: Usermode UtcTime: 2019-10-01 18:29:16.688 ProcessGuid: {0a46fc2f-9af3-5d93-0000-001028386407} ProcessId: 757 Image: C:\\Program Files\\Atlassian\\Confluence\\c64.exe User: WinServer\\admin Protocol: tcp Initiated: true SourceIsIpv6: false SourceIp: 192.168.0.8 SourceHostname: winserver SourcePort: 54792 SourcePortName:  DestinationIsIpv6: false DestinationIp: 67.229.97.229 DestinationHostname:  DestinationPort: 443 DestinationPortName: https\r\n",
                "magnitude": 3
            },
            "first_observed": "2019-10-14T23:58:01.652Z",
            "last_observed": "2019-10-14T23:58:01.652Z",
            "number_observed": 1
        },
        {
            "id": "observed-data--986bc4dd-6442-4ef9-bcd3-c14b6cf7b1e6",
            "type": "observed-data",
            "created_by_ref": "identity--f165428c-7b6a-4d77-89cc-33e66a10c541",
            "created": "2019-10-16T17:19:31.992Z",
            "modified": "2019-10-16T17:19:31.992Z",
            "objects": {
                "0": {
                    "type": "ipv4-addr",
                    "value": "192.168.0.90",
                    "resolves_to_refs": "2"
                },
                "1": {
                    "type": "network-traffic",
                    "src_ref": "0",
                    "src_port": 0,
                    "dst_ref": "3",
                    "dst_port": 0,
                    "protocols": [
                        "reserved"
                    ]
                },
                "2": {
                    "type": "mac-addr",
                    "value": "00:00:00:00:00:00"
                },
                "3": {
                    "type": "ipv4-addr",
                    "value": "192.168.0.90",
                    "resolves_to_refs": "4"
                },
                "4": {
                    "type": "mac-addr",
                    "value": "00:00:00:00:00:00"
                },
                "5": {
                    "type": "user-account",
                    "user_id": "WinServer\\admin"
                },
                "6": {
                    "type": "artifact",
                    "payload_bin": "PDE4Mj5PY3QgMTQgMTk6NTg6MDEgMTkyLjE2OC4wLjkwIDwxMz5PY3QgMDMgMTQ6NTM6MzUgV2lu\nU2VydmVyIEFnZW50RGV2aWNlPVdpbmRvd3NMb2cJQWdlbnRMb2dGaWxlPU1pY3Jvc29mdC1XaW5k\nb3dzLVN5c21vbi9PcGVyYXRpb25hbAlQbHVnaW5WZXJzaW9uPTcuMi44LjE0NQlTb3VyY2U9TWlj\ncm9zb2Z0LVdpbmRvd3MtU3lzbW9uCUNvbXB1dGVyPVdpblNlcnZlcglPcmlnaW5hdGluZ0NvbXB1\ndGVyPVdpblNlcnZlcglVc2VyPVNZU1RFTQlEb21haW49TlQgQVVUSE9SSVRZCUV2ZW50SUQ9MQlF\ndmVudElEQ29kZT0xCUV2ZW50VHlwZT00CUV2ZW50Q2F0ZWdvcnk9MQlSZWNvcmROdW1iZXI9OTQy\nMTQJVGltZUdlbmVyYXRlZD0xNTcwMTEwODEzCVRpbWVXcml0dGVuPTE1NzAxMTA4MTMJTGV2ZWw9\nSW5mb3JtYXRpb25hbAlLZXl3b3Jkcz0weDgwMDAwMDAwMDAwMDAwMDAJVGFzaz1TeXNtb25UYXNr\nLVNZU01PTl9DUkVBVEVfUFJPQ0VTUwlPcGNvZGU9SW5mbwlNZXNzYWdlPVByb2Nlc3MgQ3JlYXRl\nOiBSdWxlTmFtZTogIFV0Y1RpbWU6IDIwMTktMTAtMDMgMTM6NTM6MzMuNTM4IFByb2Nlc3NHdWlk\nOiB7MUMyRDNGNTQtRkQ1RC01RDk1LTAwMDAtMDAxMEEwMkUwQzAwfSBQcm9jZXNzSWQ6IDc1NyBJ\nbWFnZTogQzpcUHJvZ3JhbSBGaWxlc1xBdGxhc3NpYW5cQ29uZmx1ZW5jZVxjNjQuZXhlIENvbW1h\nbmRMaW5lOiBjNjQuZXhlIGY2NC5kYXRhICI5ODM5RDdGMUEwIC1tIiBDdXJyZW50RGlyZWN0b3J5\nOiBDOlxXaW5kb3dzXCBVc2VyOiBXaW5TZXJ2ZXJcYWRtaW4gTG9nb25HdWlkOiB7MUMyRDNGNTQt\nRjczNS01RDk1LTAwMDAtMDAyMDk0NkQwNDAwfSBMb2dvbklkOiAweDQ2ZDk0IFRlcm1pbmFsU2Vz\nc2lvbklkOiAxIEludGVncml0eUxldmVsOiBIaWdoIEhhc2hlczogU0hBMT01YmY2Yzk4YTUyZTgw\nODI0ZDFhMjM0YmQ1ZTY3M2VkYjc1YzdkZGE5LE1ENT04NDZjZGI5MjE4NDFhYzY3MWM4NjM1MGQ0\nOTRhYmY5YyxTSEEyNTY9ZGM1MmJkZjVlM2Y3MWZiOWFiM2IxNzMwZDQ0NTI4N2QxNmQzYTNjOA=="
                },
                "7": {
                    "type": "file",
                    "hashes": {
                        "SHA-1": "5bf6c98a52e80824d1a234bd5e673edb75c7dda9",
                        "MD5": "846cdb921841ac671c86350d494abf9c",
                        "SHA-256": "dc52bdf5e3f71fb9ab3b1730d445287d16d3a3c8"
                    },
                    "name": "c64.exe",
                    "parent_directory_ref": "9"
                },
                "8": {
                    "type": "process",
                    "name": "c64.exe",
                    "binary_ref": "7",
                    "command_line": "c64.exe f64.data \"9839D7F1A0 -m\"",
                    "pid": 757
                },
                "9": {
                    "type": "directory",
                    "path": "C:\\Program Files\\Atlassian\\Confluence\\c64.exe"
                }
            },
            "x_com_ibm_ariel": {
                "devicetype": 12,
                "qid_name": "Process Create",
                "qid": 5001828,
                "category_name": "Create Activity Succeeded    ",
                "category_id": 19012,
                "log_source_id": 1912,
                "log_source_name": "Sysmon @ 192.168.0.90",
                "identity_ip": "0.0.0.0",
                "utf8_payload": "<182>Oct 14 19:58:01 192.168.0.90 <13>Oct 03 14:53:35 WinServer AgentDevice=WindowsLog\tAgentLogFile=Microsoft-Windows-Sysmon/Operational\tPluginVersion=7.2.8.145\tSource=Microsoft-Windows-Sysmon\tComputer=WinServer\tOriginatingComputer=WinServer\tUser=SYSTEM\tDomain=NT AUTHORITY\tEventID=1\tEventIDCode=1\tEventType=4\tEventCategory=1\tRecordNumber=94214\tTimeGenerated=1570110813\tTimeWritten=1570110813\tLevel=Informational\tKeywords=0x8000000000000000\tTask=SysmonTask-SYSMON_CREATE_PROCESS\tOpcode=Info\tMessage=Process Create: RuleName:  UtcTime: 2019-10-03 13:53:33.538 ProcessGuid: {1C2D3F54-FD5D-5D95-0000-0010A02E0C00} ProcessId: 757 Image: C:\\Program Files\\Atlassian\\Confluence\\c64.exe CommandLine: c64.exe f64.data \"9839D7F1A0 -m\" CurrentDirectory: C:\\Windows\\ User: WinServer\\admin LogonGuid: {1C2D3F54-F735-5D95-0000-0020946D0400} LogonId: 0x46d94 TerminalSessionId: 1 IntegrityLevel: High Hashes: SHA1=5bf6c98a52e80824d1a234bd5e673edb75c7dda9,MD5=846cdb921841ac671c86350d494abf9c,SHA256=dc52bdf5e3f71fb9ab3b1730d445287d16d3a3c8",
                "magnitude": 2
            },
            "first_observed": "2019-10-14T23:58:01.652Z",
            "last_observed": "2019-10-14T23:58:01.652Z",
            "number_observed": 1
        },
        {
            "id": "observed-data--ed32dc5e-0bd4-4986-9ac6-0179deeae7ac",
            "type": "observed-data",
            "created_by_ref": "identity--f165428c-7b6a-4d77-89cc-33e66a10c541",
            "created": "2019-10-16T17:19:31.993Z",
            "modified": "2019-10-16T17:19:31.993Z",
            "objects": {
                "0": {
                    "type": "ipv4-addr",
                    "value": "192.168.0.8",
                    "resolves_to_refs": "2"
                },
                "1": {
                    "type": "network-traffic",
                    "src_ref": "0",
                    "src_port": 54792,
                    "dst_ref": "3",
                    "dst_port": 443,
                    "protocols": [
                        "reserved"
                    ]
                },
                "2": {
                    "type": "mac-addr",
                    "value": "00:00:00:00:00:00"
                },
                "3": {
                    "type": "ipv4-addr",
                    "value": "67.229.97.229",
                    "resolves_to_refs": "4"
                },
                "4": {
                    "type": "mac-addr",
                    "value": "00:00:00:00:00:00"
                },
                "5": {
                    "type": "user-account",
                    "user_id": "WinServer\\admin"
                },
                "6": {
                    "type": "artifact",
                    "payload_bin": "PDE4Mj5PY3QgMTQgMTk6NTg6MDEgMTkyLjE2OC4wLjkwIDwxMz5PY3QgMDEgMTk6Mjk6MTUgV2lu\nU2VydmVyIEFnZW50RGV2aWNlPVdpbmRvd3NMb2cJQWdlbnRMb2dGaWxlPU1pY3Jvc29mdC1XaW5k\nb3dzLVN5c21vbi9PcGVyYXRpb25hbAlQbHVnaW5WZXJzaW9uPTcuMi44LjE0NQlTb3VyY2U9TWlj\ncm9zb2Z0LVdpbmRvd3MtU3lzbW9uCUNvbXB1dGVyPURFU0tUT1AtSlVCNVAzRglPcmlnaW5hdGlu\nZ0NvbXB1dGVyPURFU0tUT1AtSlVCNVAzRglVc2VyPVNZU1RFTQlEb21haW49TlQgQVVUSE9SSVRZ\nCUV2ZW50SUQ9MwlFdmVudElEQ29kZT0zCUV2ZW50VHlwZT00CUV2ZW50Q2F0ZWdvcnk9MwlSZWNv\ncmROdW1iZXI9NjYwODY3MTEJVGltZUdlbmVyYXRlZD0xNTY5OTU0NTU1CVRpbWVXcml0dGVuPTE1\nNjk5NTQ1NTUJTGV2ZWw9SW5mb3JtYXRpb25hbAlLZXl3b3Jkcz0weDgwMDAwMDAwMDAwMDAwMDAJ\nVGFzaz1TeXNtb25UYXNrLVNZU01PTl9ORVRXT1JLX0NPTk5FQ1QJT3Bjb2RlPUluZm8JTWVzc2Fn\nZT1OZXR3b3JrIGNvbm5lY3Rpb24gZGV0ZWN0ZWQ6IFJ1bGVOYW1lOiBVc2VybW9kZSBVdGNUaW1l\nOiAyMDE5LTEwLTAxIDE4OjI5OjE2LjY4OCBQcm9jZXNzR3VpZDogezBhNDZmYzJmLTlhZjMtNWQ5\nMy0wMDAwLTAwMTAyODM4NjQwN30gUHJvY2Vzc0lkOiA3NTcgSW1hZ2U6IEM6XFByb2dyYW0gRmls\nZXNcQXRsYXNzaWFuXENvbmZsdWVuY2VcYzY0LmV4ZSBVc2VyOiBXaW5TZXJ2ZXJcYWRtaW4gUHJv\ndG9jb2w6IHRjcCBJbml0aWF0ZWQ6IHRydWUgU291cmNlSXNJcHY2OiBmYWxzZSBTb3VyY2VJcDog\nMTkyLjE2OC4wLjggU291cmNlSG9zdG5hbWU6IHdpbnNlcnZlciBTb3VyY2VQb3J0OiA1NDc5MiBT\nb3VyY2VQb3J0TmFtZTogIERlc3RpbmF0aW9uSXNJcHY2OiBmYWxzZSBEZXN0aW5hdGlvbklwOiA2\nNy4yMjkuOTcuMjI5IERlc3RpbmF0aW9uSG9zdG5hbWU6ICBEZXN0aW5hdGlvblBvcnQ6IDQ0MyBE\nZXN0aW5hdGlvblBvcnROYW1lOiBodHRwcw0K"
                },
                "7": {
                    "type": "process",
                    "name": "c64.exe",
                    "binary_ref": "8",
                    "pid": 757
                },
                "8": {
                    "type": "file",
                    "name": "c64.exe",
                    "parent_directory_ref": "9"
                },
                "9": {
                    "type": "directory",
                    "path": "C:\\Program Files\\Atlassian\\Confluence\\c64.exe"
                }
            },
            "x_com_ibm_ariel": {
                "devicetype": 12,
                "qid_name": "Network connection detected",
                "qid": 5001840,
                "category_name": "ACL Permit",
                "category_id": 4012,
                "log_source_id": 1912,
                "log_source_name": "Sysmon @ 192.168.0.90",
                "identity_ip": "0.0.0.0",
                "utf8_payload": "<182>Oct 14 19:58:01 192.168.0.90 <13>Oct 01 19:29:15 WinServer AgentDevice=WindowsLog\tAgentLogFile=Microsoft-Windows-Sysmon/Operational\tPluginVersion=7.2.8.145\tSource=Microsoft-Windows-Sysmon\tComputer=DESKTOP-JUB5P3F\tOriginatingComputer=DESKTOP-JUB5P3F\tUser=SYSTEM\tDomain=NT AUTHORITY\tEventID=3\tEventIDCode=3\tEventType=4\tEventCategory=3\tRecordNumber=66086711\tTimeGenerated=1569954555\tTimeWritten=1569954555\tLevel=Informational\tKeywords=0x8000000000000000\tTask=SysmonTask-SYSMON_NETWORK_CONNECT\tOpcode=Info\tMessage=Network connection detected: RuleName: Usermode UtcTime: 2019-10-01 18:29:16.688 ProcessGuid: {0a46fc2f-9af3-5d93-0000-001028386407} ProcessId: 757 Image: C:\\Program Files\\Atlassian\\Confluence\\c64.exe User: WinServer\\admin Protocol: tcp Initiated: true SourceIsIpv6: false SourceIp: 192.168.0.8 SourceHostname: winserver SourcePort: 54792 SourcePortName:  DestinationIsIpv6: false DestinationIp: 67.229.97.229 DestinationHostname:  DestinationPort: 443 DestinationPortName: https\r\n",
                "magnitude": 3
            },
            "first_observed": "2019-10-14T23:58:01.652Z",
            "last_observed": "2019-10-14T23:58:01.652Z",
            "number_observed": 1
        },
        {
            "id": "observed-data--59ee4746-a3a5-4628-b7f5-5f0e2d0c136b",
            "type": "observed-data",
            "created_by_ref": "identity--f165428c-7b6a-4d77-89cc-33e66a10c541",
            "created": "2019-10-16T17:19:31.994Z",
            "modified": "2019-10-16T17:19:31.994Z",
            "objects": {
                "0": {
                    "type": "ipv4-addr",
                    "value": "192.168.0.90",
                    "resolves_to_refs": "2"
                },
                "1": {
                    "type": "network-traffic",
                    "src_ref": "0",
                    "src_port": 0,
                    "dst_ref": "3",
                    "dst_port": 0,
                    "protocols": [
                        "reserved"
                    ]
                },
                "2": {
                    "type": "mac-addr",
                    "value": "00:00:00:00:00:00"
                },
                "3": {
                    "type": "ipv4-addr",
                    "value": "192.168.0.90",
                    "resolves_to_refs": "4"
                },
                "4": {
                    "type": "mac-addr",
                    "value": "00:00:00:00:00:00"
                },
                "5": {
                    "type": "user-account",
                    "user_id": "WinServer\\admin"
                },
                "6": {
                    "type": "artifact",
                    "payload_bin": "PDE4Mj5PY3QgMTQgMTk6NTg6MDEgMTkyLjE2OC4wLjkwIDwxMz5PY3QgMDMgMTQ6NTM6MzUgV2lu\nU2VydmVyIEFnZW50RGV2aWNlPVdpbmRvd3NMb2cJQWdlbnRMb2dGaWxlPU1pY3Jvc29mdC1XaW5k\nb3dzLVN5c21vbi9PcGVyYXRpb25hbAlQbHVnaW5WZXJzaW9uPTcuMi44LjE0NQlTb3VyY2U9TWlj\ncm9zb2Z0LVdpbmRvd3MtU3lzbW9uCUNvbXB1dGVyPVdpblNlcnZlcglPcmlnaW5hdGluZ0NvbXB1\ndGVyPVdpblNlcnZlcglVc2VyPVNZU1RFTQlEb21haW49TlQgQVVUSE9SSVRZCUV2ZW50SUQ9MQlF\ndmVudElEQ29kZT0xCUV2ZW50VHlwZT00CUV2ZW50Q2F0ZWdvcnk9MQlSZWNvcmROdW1iZXI9OTQy\nMTQJVGltZUdlbmVyYXRlZD0xNTcwMTEwODEzCVRpbWVXcml0dGVuPTE1NzAxMTA4MTMJTGV2ZWw9\nSW5mb3JtYXRpb25hbAlLZXl3b3Jkcz0weDgwMDAwMDAwMDAwMDAwMDAJVGFzaz1TeXNtb25UYXNr\nLVNZU01PTl9DUkVBVEVfUFJPQ0VTUwlPcGNvZGU9SW5mbwlNZXNzYWdlPVByb2Nlc3MgQ3JlYXRl\nOiBSdWxlTmFtZTogIFV0Y1RpbWU6IDIwMTktMTAtMDMgMTM6NTM6MzMuNTM4IFByb2Nlc3NHdWlk\nOiB7MUMyRDNGNTQtRkQ1RC01RDk1LTAwMDAtMDAxMEEwMkUwQzAwfSBQcm9jZXNzSWQ6IDc1NyBJ\nbWFnZTogQzpcUHJvZ3JhbSBGaWxlc1xBdGxhc3NpYW5cQ29uZmx1ZW5jZVxjNjQuZXhlIENvbW1h\nbmRMaW5lOiBjNjQuZXhlIGY2NC5kYXRhICI5ODM5RDdGMUEwIC1tIiBDdXJyZW50RGlyZWN0b3J5\nOiBDOlxXaW5kb3dzXCBVc2VyOiBXaW5TZXJ2ZXJcYWRtaW4gTG9nb25HdWlkOiB7MUMyRDNGNTQt\nRjczNS01RDk1LTAwMDAtMDAyMDk0NkQwNDAwfSBMb2dvbklkOiAweDQ2ZDk0IFRlcm1pbmFsU2Vz\nc2lvbklkOiAxIEludGVncml0eUxldmVsOiBIaWdoIEhhc2hlczogU0hBMT01YmY2Yzk4YTUyZTgw\nODI0ZDFhMjM0YmQ1ZTY3M2VkYjc1YzdkZGE5LE1ENT04NDZjZGI5MjE4NDFhYzY3MWM4NjM1MGQ0\nOTRhYmY5YyxTSEEyNTY9ZGM1MmJkZjVlM2Y3MWZiOWFiM2IxNzMwZDQ0NTI4N2QxNmQzYTNjOA=="
                },
                "7": {
                    "type": "file",
                    "hashes": {
                        "SHA-1": "5bf6c98a52e80824d1a234bd5e673edb75c7dda9",
                        "MD5": "846cdb921841ac671c86350d494abf9c",
                        "SHA-256": "dc52bdf5e3f71fb9ab3b1730d445287d16d3a3c8"
                    },
                    "name": "c64.exe",
                    "parent_directory_ref": "9"
                },
                "8": {
                    "type": "process",
                    "name": "c64.exe",
                    "binary_ref": "7",
                    "command_line": "c64.exe f64.data \"9839D7F1A0 -m\"",
                    "pid": 757
                },
                "9": {
                    "type": "directory",
                    "path": "C:\\Program Files\\Atlassian\\Confluence\\c64.exe"
                }
            },
            "x_com_ibm_ariel": {
                "devicetype": 12,
                "qid_name": "Process Create",
                "qid": 5001828,
                "category_name": "Create Activity Succeeded    ",
                "category_id": 19012,
                "log_source_id": 1912,
                "log_source_name": "Sysmon @ 192.168.0.90",
                "identity_ip": "0.0.0.0",
